===========================
Test 3-say_my_name.py
==========================

Import the module
    >>> say_my_name = __import__('3-say_my_name').say_my_name

Regular tests
    >>> say_my_name('Bart')
    My name is Bart 
    >>> say_my_name('Lisa', 'John')
    My name is Lisa John
    >>> say_my_name()
    Traceback (most recent call last):
    TypeError: say_my_name() missing 1 required positional argument: 'first_name'
    >>> say_my_name('Bart', 3)
    Traceback (most recent call last):
    TypeError: last_name must be a string
    >>> say_my_name(2, 'Simpson')
    Traceback (most recent call last):
    TypeError: first_name must be a string
    
